00:00:00.009673 main     VirtualBox COM Server 7.0.6 r155176 win.amd64 (Jan 11 2023 16:38:38) release log
00:00:00.009675 main     Log opened 2023-03-11T08:22:10.539615800Z
00:00:00.009676 main     Build Type: release
00:00:00.009685 main     OS Product: Windows 10
00:00:00.009686 main     OS Release: 10.0.19044
00:00:00.009687 main     OS Service Pack: 
00:00:00.047914 main     DMI Product Name: HP ProBook 450 G3
00:00:00.067679 main     DMI Product Version:  
00:00:00.067707 main     Firmware type: UEFI
00:00:00.068677 main     Secure Boot: VERR_PRIVILEGE_NOT_HELD
00:00:00.070094 main     Host RAM: 8088MB (7.8GB) total, 2445MB (2.3GB) available
00:00:00.070103 main     Executable: C:\Program Files\Oracle\VirtualBox\VBoxSVC.exe
00:00:00.070104 main     Process ID: 3708
00:00:00.070105 main     Package type: WINDOWS_64BITS_GENERIC
00:00:00.158162          VirtualBox: object creation starts
00:00:00.160789          Home directory: 'C:\Users\user\.VirtualBox'
00:00:00.161217          Installed Drivers:
00:00:00.169146            C:\WINDOWS\system32\DRIVERS\VBoxNetLwf.sys (Version: 7.0.6.5176)
00:00:00.170922            C:\WINDOWS\system32\DRIVERS\VBoxUSBMon.sys (Version: 7.0.6.5176)
00:00:00.171881            C:\WINDOWS\system32\DRIVERS\VBoxSup.sys (Version: 7.0.6.5176)
00:00:00.173721            C:\WINDOWS\system32\DRIVERS\VBoxNetAdp6.sys (Version: 7.0.6.5176)
00:00:00.193975          Loading settings file "C:\Users\user\.VirtualBox\VirtualBox.xml" with version "1.12-windows"
00:00:00.203434          usbLibGetDevices: Starting USB device enumeration
00:00:00.228034          Getting USB descriptor (id 0) failed (dwErr=31) on hub USB#ROOT_HUB30#4&3800784a&0&0#{f18a0e88-c30c-11d0-8815-00a0c906bed8} port 6
00:00:00.228912          Getting USB descriptor (id 0) failed (dwErr=31) on hub USB#ROOT_HUB30#4&3800784a&0&0#{f18a0e88-c30c-11d0-8815-00a0c906bed8} port 7
00:00:00.235013          usbLibGetDevices: Found 2 USB devices, 0 captured
00:00:00.237383          USB: Unknown USB device detected (idVendor: 0x04f2, idProduct: 0xb51c)
00:00:00.239074          USB: Unknown USB device detected (idVendor: 0x8087, idProduct: 0x0a2b)
00:00:00.442102          HostDnsMonitor: initializing
00:00:00.459060          HostDnsMonitor: updating information
00:00:00.460179          HostDnsMonitor: old information
00:00:00.460181            no server entries
00:00:00.460182            no domain set
00:00:00.460183            no search string entries
00:00:00.460183          HostDnsMonitor: new information
00:00:00.460184            server 1: 192.168.100.1
00:00:00.460185            no domain set
00:00:00.460185            no search string entries
00:00:00.470909          VD: VDInit finished with VINF_SUCCESS
00:00:00.528147          Loading settings file "C:\Users\user\VirtualBox VMs\Xubuntu\Xubuntu.vbox" with version "1.16-windows"
00:00:00.543674          VirtualBox: object created
00:00:00.705674          Saving settings file "C:\Users\user\.VirtualBox\VirtualBox.xml" with version "1.12-windows"
00:00:00.710528          Finished saving settings file "C:\Users\user\.VirtualBox\VirtualBox.xml"
00:00:00.710808          Saving settings file "C:\Users\user\.VirtualBox\VirtualBox.xml" with version "1.12-windows"
00:00:00.715182          Finished saving settings file "C:\Users\user\.VirtualBox\VirtualBox.xml"
00:00:00.715499          Saving settings file "C:\Users\user\.VirtualBox\VirtualBox.xml" with version "1.12-windows"
00:00:00.720651          Finished saving settings file "C:\Users\user\.VirtualBox\VirtualBox.xml"
00:00:03.688651          ERROR [COM]: aRC=VBOX_E_INVALID_VM_STATE (0x80bb0002) aIID={300763af-5d6b-46e6-aa96-273eac15538a} aComponent={MachineWrap} aText={The machine is not mutable (state is PoweredOff)}, preserve=false aResultDetail=0
00:00:38.711610          Launched VM: 1801103120 pid: 3400 (0xd48) frontend: GUI/Qt name: Xubuntu
00:00:38.744902          ERROR [COM]: aRC=VBOX_E_INVALID_VM_STATE (0x80bb0002) aIID={300763af-5d6b-46e6-aa96-273eac15538a} aComponent={MachineWrap} aText={The machine is not mutable (state is PoweredOff)}, preserve=false aResultDetail=0
00:00:50.588085          ERROR [COM]: aRC=VBOX_E_INVALID_VM_STATE (0x80bb0002) aIID={300763af-5d6b-46e6-aa96-273eac15538a} aComponent={MachineWrap} aText={The machine is not mutable (state is PoweredOff)}, preserve=false aResultDetail=0
00:00:51.825242          ERROR [COM]: aRC=VBOX_E_OBJECT_NOT_FOUND (0x80bb0001) aIID={70401eef-c8e9-466b-9660-45cb3e9979e4} aComponent={ExtPackManagerWrap} aText={No extension pack by the name 'Oracle VM VirtualBox Extension Pack' was found}, preserve=false aResultDetail=0
00:00:57.208713          ERROR [COM]: aRC=VBOX_E_IPRT_ERROR (0x80bb0005) aIID={300763af-5d6b-46e6-aa96-273eac15538a} aComponent={SessionMachine} aText={Saved screenshot data is not available (VERR_NOT_SUPPORTED)}, preserve=false aResultDetail=-37
00:00:57.981130          ERROR [COM]: aRC=VBOX_E_INVALID_VM_STATE (0x80bb0002) aIID={300763af-5d6b-46e6-aa96-273eac15538a} aComponent={SessionMachine} aText={The machine is not mutable or saved (state is Starting)}, preserve=false aResultDetail=0
00:00:58.018062          ERROR [COM]: aRC=VBOX_E_INVALID_VM_STATE (0x80bb0002) aIID={300763af-5d6b-46e6-aa96-273eac15538a} aComponent={MachineWrap} aText={The machine is not mutable (state is Starting)}, preserve=false aResultDetail=0
00:01:00.357836          ERROR [COM]: aRC=VBOX_E_OBJECT_NOT_FOUND (0x80bb0001) aIID={ad47ad09-787b-44ab-b343-a082a3f2dfb1} aComponent={MediumWrap} aText={Property 'CRYPT/KeyId' does not exist}, preserve=false aResultDetail=0
00:01:00.453799          ERROR [COM]: aRC=VBOX_E_INVALID_VM_STATE (0x80bb0002) aIID={300763af-5d6b-46e6-aa96-273eac15538a} aComponent={MachineWrap} aText={The machine is not mutable (state is Running)}, preserve=false aResultDetail=0
00:15:46.154112          ERROR [COM]: aRC=VBOX_E_INVALID_VM_STATE (0x80bb0002) aIID={300763af-5d6b-46e6-aa96-273eac15538a} aComponent={MachineWrap} aText={The machine is not mutable (state is Paused)}, preserve=false aResultDetail=0
00:15:50.829029          ERROR [COM]: aRC=VBOX_E_INVALID_VM_STATE (0x80bb0002) aIID={300763af-5d6b-46e6-aa96-273eac15538a} aComponent={MachineWrap} aText={The machine is not mutable (state is Stopping)}, preserve=false aResultDetail=0
00:15:55.422610          Saving settings file "C:\Users\user\VirtualBox VMs\Xubuntu\Xubuntu.vbox" with version "1.19-windows"
00:15:55.445089          Finished saving settings file "C:\Users\user\VirtualBox VMs\Xubuntu\Xubuntu.vbox"
00:15:55.514300          ERROR [COM]: aRC=VBOX_E_INVALID_VM_STATE (0x80bb0002) aIID={300763af-5d6b-46e6-aa96-273eac15538a} aComponent={MachineWrap} aText={The machine is not mutable (state is PoweredOff)}, preserve=false aResultDetail=0
00:15:57.673326          ERROR [COM]: aRC=VBOX_E_INVALID_VM_STATE (0x80bb0002) aIID={300763af-5d6b-46e6-aa96-273eac15538a} aComponent={MachineWrap} aText={The machine is not mutable (state is PoweredOff)}, preserve=false aResultDetail=0
00:16:09.248357 main     VirtualBox: object deletion starts
00:16:09.249872 main     ERROR [COM]: aRC=VBOX_E_OBJECT_IN_USE (0x80bb000c) aIID={ad47ad09-787b-44ab-b343-a082a3f2dfb1} aComponent={MediumWrap} aText={Medium 'C:\Users\user\VirtualBox VMs\Xubuntu\Xubuntu.vdi' cannot be closed because it is still attached to 1 virtual machines}, preserve=false aResultDetail=0
00:16:09.337137 main     HostDnsMonitor: shutting down ...
00:16:09.347456 main     HostDnsMonitor: shut down
00:16:09.359190 Watcher  ERROR [COM]: aRC=E_ACCESSDENIED (0x80070005) aIID={7682d5eb-f00e-44f1-8ca2-99d08b1cd607} aComponent={VirtualBoxWrap} aText={The object is not ready}, preserve=false aResultDetail=0
00:16:09.360395 main     VirtualBox: object deleted
